Arguments: 
  C:\Program Files\nodejs\node.exe C:\Users\lz\AppData\Roaming\npm\node_modules\yarn\bin\yarn.js

PATH: 
  C:\Windows\system32;C:\Windows;C:\Windows\System32\Wbem;C:\Windows\System32\WindowsPowerShell\v1.0\;C:\Windows\System32\OpenSSH\;C:\Program Files\nodejs\;C:\Program Files\Git\cmd;C:\Users\lz\AppData\Local\Microsoft\WindowsApps;C:\Users\lz\AppData\Local\Programs\Microsoft VS Code\bin;C:\Users\lz\AppData\Roaming\npm;C:\Users\lz\AppData\Local\Yarn\bin;

Yarn version: 
  1.9.4

Node version: 
  8.12.0

Platform: 
  win32 x64

Trace: 
  Error: https://registry.npm.taobao.org/babel-present-env: Not found
      at Request.params.callback [as _callback] (C:\Users\lz\AppData\Roaming\npm\node_modules\yarn\lib\cli.js:64202:18)
      at Request.self.callback (C:\Users\lz\AppData\Roaming\npm\node_modules\yarn\lib\cli.js:137468:22)
      at emitTwo (events.js:126:13)
      at Request.emit (events.js:214:7)
      at Request.<anonymous> (C:\Users\lz\AppData\Roaming\npm\node_modules\yarn\lib\cli.js:138440:10)
      at emitOne (events.js:116:13)
      at Request.emit (events.js:211:7)
      at IncomingMessage.<anonymous> (C:\Users\lz\AppData\Roaming\npm\node_modules\yarn\lib\cli.js:138362:12)
      at Object.onceWrapper (events.js:313:30)
      at emitNone (events.js:111:20)

npm manifest: 
  {
    "name": "jay",
    "version": "1.0.0",
    "description": "",
    "main": "index.js",
    "scripts": {
      "start": "webpack-dev-server --open"
    },
    "devDependencies": {
      "babel-core": "^6.26.3",
      "babel-loader":"7",
      "babel-present-env":"^1.7.0",
      "webpack":"^4.20.2",
      "webpack-cli":"^3.1.2",
      "webpack-dev-server":"^3.1.9"
  
    },
    "keywords": [],
    "author": "",
    "license": "ISC"
  }

yarn manifest: 
  No manifest

Lockfile: 
  # THIS IS AN AUTOGENERATED FILE. DO NOT EDIT THIS FILE DIRECTLY.
  # yarn lockfile v1
